[2020-09-22 15:04:01:580][main] INFO  c.s.connect.ConnectApplicationTests - Starting ConnectApplicationTests on anchiseong-ui-MacBookPro.local with PID 1981 (started by anchiseong in /Volumes/Data/_git/connect)
[2020-09-22 15:04:01:581][main] INFO  c.s.connect.ConnectApplicationTests - The following profiles are active: local
[2020-09-22 15:04:04:3743][main] INFO  c.s.connect.ConnectApplicationTests - Started ConnectApplicationTests in 3.457 seconds (JVM running for 4.112)
[2020-09-22 15:05:03:407][restartedMain] INFO  c.scglab.connect.ConnectApplication - Starting ConnectApplication on anchiseong-ui-MacBookPro.local with PID 1999 (/Volumes/Data/_git/connect/target/classes started by anchiseong in /Volumes/Data/_git/connect)
[2020-09-22 15:05:03:408][restartedMain] INFO  c.scglab.connect.ConnectApplication - The following profiles are active: local
[2020-09-22 15:05:05:2584][restartedMain] INFO  c.scglab.connect.ConnectApplication - Started ConnectApplication in 2.446 seconds (JVM running for 2.854)
[2020-09-22 15:09:23:259693][restartedMain] INFO  c.scglab.connect.ConnectApplication - Starting ConnectApplication on anchiseong-ui-MacBookPro.local with PID 1999 (/Volumes/Data/_git/connect/target/classes started by anchiseong in /Volumes/Data/_git/connect)
[2020-09-22 15:09:23:259693][restartedMain] INFO  c.scglab.connect.ConnectApplication - The following profiles are active: local
[2020-09-22 15:09:23:260307][restartedMain] INFO  c.scglab.connect.ConnectApplication - Started ConnectApplication in 0.848 seconds (JVM running for 260.574)
[2020-09-22 15:09:46:283209][restartedMain] INFO  c.scglab.connect.ConnectApplication - Starting ConnectApplication on anchiseong-ui-MacBookPro.local with PID 1999 (/Volumes/Data/_git/connect/target/classes started by anchiseong in /Volumes/Data/_git/connect)
[2020-09-22 15:09:46:283209][restartedMain] INFO  c.scglab.connect.ConnectApplication - The following profiles are active: local
[2020-09-22 15:09:47:283814][restartedMain] INFO  c.scglab.connect.ConnectApplication - Started ConnectApplication in 0.63 seconds (JVM running for 284.081)
[2020-09-22 15:09:58:294646][restartedMain] INFO  c.scglab.connect.ConnectApplication - Starting ConnectApplication on anchiseong-ui-MacBookPro.local with PID 1999 (/Volumes/Data/_git/connect/target/classes started by anchiseong in /Volumes/Data/_git/connect)
[2020-09-22 15:09:58:294647][restartedMain] INFO  c.scglab.connect.ConnectApplication - The following profiles are active: local
[2020-09-22 15:09:58:295227][restartedMain] INFO  c.scglab.connect.ConnectApplication - Started ConnectApplication in 0.603 seconds (JVM running for 295.493)
[2020-09-22 15:10:19:316131][restartedMain] INFO  c.scglab.connect.ConnectApplication - Starting ConnectApplication on anchiseong-ui-MacBookPro.local with PID 1999 (/Volumes/Data/_git/connect/target/classes started by anchiseong in /Volumes/Data/_git/connect)
[2020-09-22 15:10:19:316131][restartedMain] INFO  c.scglab.connect.ConnectApplication - The following profiles are active: local
[2020-09-22 15:10:26:322690][restartedMain] INFO  c.scglab.connect.ConnectApplication - Starting ConnectApplication on anchiseong-ui-MacBookPro.local with PID 1999 (/Volumes/Data/_git/connect/target/classes started by anchiseong in /Volumes/Data/_git/connect)
[2020-09-22 15:10:26:322690][restartedMain] INFO  c.scglab.connect.ConnectApplication - The following profiles are active: local
[2020-09-22 15:10:33:330256][restartedMain] INFO  c.scglab.connect.ConnectApplication - Starting ConnectApplication on anchiseong-ui-MacBookPro.local with PID 1999 (/Volumes/Data/_git/connect/target/classes started by anchiseong in /Volumes/Data/_git/connect)
[2020-09-22 15:10:33:330256][restartedMain] INFO  c.scglab.connect.ConnectApplication - The following profiles are active: local
[2020-09-22 15:10:48:345117][restartedMain] INFO  c.scglab.connect.ConnectApplication - Starting ConnectApplication on anchiseong-ui-MacBookPro.local with PID 1999 (/Volumes/Data/_git/connect/target/classes started by anchiseong in /Volumes/Data/_git/connect)
[2020-09-22 15:10:48:345117][restartedMain] INFO  c.scglab.connect.ConnectApplication - The following profiles are active: local
[2020-09-22 15:10:48:345430][restartedMain] INFO  c.s.c.base.database.DatabaseConfig - datasource : HikariDataSource (HikariPool-5)
[2020-09-22 15:10:49:345704][restartedMain] INFO  c.scglab.connect.ConnectApplication - Started ConnectApplication in 0.607 seconds (JVM running for 345.97)
[2020-09-22 15:12:33:450348][restartedMain] INFO  c.scglab.connect.ConnectApplication - Starting ConnectApplication on anchiseong-ui-MacBookPro.local with PID 1999 (/Volumes/Data/_git/connect/target/classes started by anchiseong in /Volumes/Data/_git/connect)
[2020-09-22 15:12:33:450348][restartedMain] INFO  c.scglab.connect.ConnectApplication - The following profiles are active: local
[2020-09-22 15:13:25:502445][restartedMain] INFO  c.scglab.connect.ConnectApplication - Starting ConnectApplication on anchiseong-ui-MacBookPro.local with PID 1999 (/Volumes/Data/_git/connect/target/classes started by anchiseong in /Volumes/Data/_git/connect)
[2020-09-22 15:13:25:502445][restartedMain] INFO  c.scglab.connect.ConnectApplication - The following profiles are active: local
[2020-09-22 15:14:07:544409][restartedMain] INFO  c.scglab.connect.ConnectApplication - Starting ConnectApplication on anchiseong-ui-MacBookPro.local with PID 1999 (/Volumes/Data/_git/connect/target/classes started by anchiseong in /Volumes/Data/_git/connect)
[2020-09-22 15:14:07:544409][restartedMain] INFO  c.scglab.connect.ConnectApplication - The following profiles are active: local
[2020-09-22 15:14:12:549034][restartedMain] INFO  c.scglab.connect.ConnectApplication - Starting ConnectApplication on anchiseong-ui-MacBookPro.local with PID 1999 (/Volumes/Data/_git/connect/target/classes started by anchiseong in /Volumes/Data/_git/connect)
[2020-09-22 15:14:12:549034][restartedMain] INFO  c.scglab.connect.ConnectApplication - The following profiles are active: local
[2020-09-22 15:14:16:552656][restartedMain] INFO  c.scglab.connect.ConnectApplication - Starting ConnectApplication on anchiseong-ui-MacBookPro.local with PID 1999 (/Volumes/Data/_git/connect/target/classes started by anchiseong in /Volumes/Data/_git/connect)
[2020-09-22 15:14:16:552656][restartedMain] INFO  c.scglab.connect.ConnectApplication - The following profiles are active: local
[2020-09-22 15:14:59:595878][restartedMain] INFO  c.scglab.connect.ConnectApplication - Starting ConnectApplication on anchiseong-ui-MacBookPro.local with PID 1999 (/Volumes/Data/_git/connect/target/classes started by anchiseong in /Volumes/Data/_git/connect)
[2020-09-22 15:14:59:595878][restartedMain] INFO  c.scglab.connect.ConnectApplication - The following profiles are active: local
[2020-09-22 15:15:31:627770][restartedMain] INFO  c.scglab.connect.ConnectApplication - Starting ConnectApplication on anchiseong-ui-MacBookPro.local with PID 1999 (/Volumes/Data/_git/connect/target/classes started by anchiseong in /Volumes/Data/_git/connect)
[2020-09-22 15:15:31:627771][restartedMain] INFO  c.scglab.connect.ConnectApplication - The following profiles are active: local
[2020-09-22 15:15:40:637462][restartedMain] INFO  c.scglab.connect.ConnectApplication - Starting ConnectApplication on anchiseong-ui-MacBookPro.local with PID 1999 (/Volumes/Data/_git/connect/target/classes started by anchiseong in /Volumes/Data/_git/connect)
[2020-09-22 15:15:40:637462][restartedMain] INFO  c.scglab.connect.ConnectApplication - The following profiles are active: local
[2020-09-22 15:16:01:658249][restartedMain] INFO  c.scglab.connect.ConnectApplication - Starting ConnectApplication on anchiseong-ui-MacBookPro.local with PID 1999 (/Volumes/Data/_git/connect/target/classes started by anchiseong in /Volumes/Data/_git/connect)
[2020-09-22 15:16:01:658249][restartedMain] INFO  c.scglab.connect.ConnectApplication - The following profiles are active: local
[2020-09-22 15:16:12:668933][restartedMain] INFO  c.scglab.connect.ConnectApplication - Starting ConnectApplication on anchiseong-ui-MacBookPro.local with PID 1999 (/Volumes/Data/_git/connect/target/classes started by anchiseong in /Volumes/Data/_git/connect)
[2020-09-22 15:16:12:668933][restartedMain] INFO  c.scglab.connect.ConnectApplication - The following profiles are active: local
[2020-09-22 15:16:46:702873][restartedMain] INFO  c.scglab.connect.ConnectApplication - Starting ConnectApplication on anchiseong-ui-MacBookPro.local with PID 1999 (/Volumes/Data/_git/connect/target/classes started by anchiseong in /Volumes/Data/_git/connect)
[2020-09-22 15:16:46:702873][restartedMain] INFO  c.scglab.connect.ConnectApplication - The following profiles are active: local
[2020-09-22 15:16:48:705492][restartedMain] INFO  c.scglab.connect.ConnectApplication - Starting ConnectApplication on anchiseong-ui-MacBookPro.local with PID 1999 (/Volumes/Data/_git/connect/target/classes started by anchiseong in /Volumes/Data/_git/connect)
[2020-09-22 15:16:48:705492][restartedMain] INFO  c.scglab.connect.ConnectApplication - The following profiles are active: local
[2020-09-22 15:16:57:714152][restartedMain] INFO  c.scglab.connect.ConnectApplication - Starting ConnectApplication on anchiseong-ui-MacBookPro.local with PID 1999 (/Volumes/Data/_git/connect/target/classes started by anchiseong in /Volumes/Data/_git/connect)
[2020-09-22 15:16:57:714152][restartedMain] INFO  c.scglab.connect.ConnectApplication - The following profiles are active: local
[2020-09-22 15:17:16:732916][restartedMain] INFO  c.scglab.connect.ConnectApplication - Starting ConnectApplication on anchiseong-ui-MacBookPro.local with PID 1999 (/Volumes/Data/_git/connect/target/classes started by anchiseong in /Volumes/Data/_git/connect)
[2020-09-22 15:17:16:732916][restartedMain] INFO  c.scglab.connect.ConnectApplication - The following profiles are active: local
[2020-09-22 15:18:44:821420][restartedMain] INFO  c.scglab.connect.ConnectApplication - Starting ConnectApplication on anchiseong-ui-MacBookPro.local with PID 1999 (/Volumes/Data/_git/connect/target/classes started by anchiseong in /Volumes/Data/_git/connect)
[2020-09-22 15:18:44:821421][restartedMain] INFO  c.scglab.connect.ConnectApplication - The following profiles are active: local
[2020-09-22 15:19:10:847488][restartedMain] INFO  c.scglab.connect.ConnectApplication - Starting ConnectApplication on anchiseong-ui-MacBookPro.local with PID 1999 (/Volumes/Data/_git/connect/target/classes started by anchiseong in /Volumes/Data/_git/connect)
[2020-09-22 15:19:10:847488][restartedMain] INFO  c.scglab.connect.ConnectApplication - The following profiles are active: local
[2020-09-22 15:19:14:851125][restartedMain] INFO  c.scglab.connect.ConnectApplication - Starting ConnectApplication on anchiseong-ui-MacBookPro.local with PID 1999 (/Volumes/Data/_git/connect/target/classes started by anchiseong in /Volumes/Data/_git/connect)
[2020-09-22 15:19:14:851125][restartedMain] INFO  c.scglab.connect.ConnectApplication - The following profiles are active: local
[2020-09-22 15:19:21:857779][restartedMain] INFO  c.scglab.connect.ConnectApplication - Starting ConnectApplication on anchiseong-ui-MacBookPro.local with PID 1999 (/Volumes/Data/_git/connect/target/classes started by anchiseong in /Volumes/Data/_git/connect)
[2020-09-22 15:19:21:857779][restartedMain] INFO  c.scglab.connect.ConnectApplication - The following profiles are active: local
[2020-09-22 15:19:38:875547][restartedMain] INFO  c.scglab.connect.ConnectApplication - Starting ConnectApplication on anchiseong-ui-MacBookPro.local with PID 1999 (/Volumes/Data/_git/connect/target/classes started by anchiseong in /Volumes/Data/_git/connect)
[2020-09-22 15:19:38:875547][restartedMain] INFO  c.scglab.connect.ConnectApplication - The following profiles are active: local
[2020-09-22 15:19:42:879168][restartedMain] INFO  c.scglab.connect.ConnectApplication - Starting ConnectApplication on anchiseong-ui-MacBookPro.local with PID 1999 (/Volumes/Data/_git/connect/target/classes started by anchiseong in /Volumes/Data/_git/connect)
[2020-09-22 15:19:42:879168][restartedMain] INFO  c.scglab.connect.ConnectApplication - The following profiles are active: local
[2020-09-22 15:20:52:949403][restartedMain] INFO  c.scglab.connect.ConnectApplication - Starting ConnectApplication on anchiseong-ui-MacBookPro.local with PID 1999 (/Volumes/Data/_git/connect/target/classes started by anchiseong in /Volumes/Data/_git/connect)
[2020-09-22 15:20:52:949403][restartedMain] INFO  c.scglab.connect.ConnectApplication - The following profiles are active: local
[2020-09-22 15:20:53:949728][restartedMain] INFO  c.s.c.base.database.DatabaseConfig - datasource : HikariDataSource (HikariPool-6)
[2020-09-22 15:22:26:604][main] INFO  c.s.connect.ConnectApplicationTests - Starting ConnectApplicationTests on anchiseong-ui-MacBookPro.local with PID 2155 (started by anchiseong in /Volumes/Data/_git/connect)
[2020-09-22 15:22:26:605][main] INFO  c.s.connect.ConnectApplicationTests - The following profiles are active: local
[2020-09-22 15:22:28:2859][main] INFO  c.s.c.base.database.DatabaseConfig - datasource : HikariDataSource (HikariPool-1)
[2020-09-22 15:23:31:631][main] INFO  c.s.connect.ConnectApplicationTests - Starting ConnectApplicationTests on anchiseong-ui-MacBookPro.local with PID 2180 (started by anchiseong in /Volumes/Data/_git/connect)
[2020-09-22 15:23:31:632][main] INFO  c.s.connect.ConnectApplicationTests - The following profiles are active: local
[2020-09-22 15:23:33:2795][main] INFO  c.s.c.base.database.DatabaseConfig - datasource : HikariDataSource (HikariPool-1)
[2020-09-22 15:23:35:4465][main] INFO  c.s.connect.ConnectApplicationTests - Started ConnectApplicationTests in 4.139 seconds (JVM running for 4.874)
[2020-09-22 15:23:43:385][restartedMain] INFO  c.scglab.connect.ConnectApplication - Starting ConnectApplication on anchiseong-ui-MacBookPro.local with PID 2193 (/Volumes/Data/_git/connect/target/classes started by anchiseong in /Volumes/Data/_git/connect)
[2020-09-22 15:23:43:387][restartedMain] INFO  c.scglab.connect.ConnectApplication - The following profiles are active: local
[2020-09-22 15:23:45:1650][restartedMain] INFO  c.s.c.base.database.DatabaseConfig - datasource : HikariDataSource (HikariPool-1)
[2020-09-22 15:23:46:2593][restartedMain] INFO  c.scglab.connect.ConnectApplication - Started ConnectApplication in 2.455 seconds (JVM running for 3.056)
[2020-09-22 15:25:48:125411][restartedMain] INFO  c.scglab.connect.ConnectApplication - Starting ConnectApplication on anchiseong-ui-MacBookPro.local with PID 2193 (/Volumes/Data/_git/connect/target/classes started by anchiseong in /Volumes/Data/_git/connect)
[2020-09-22 15:25:48:125411][restartedMain] INFO  c.scglab.connect.ConnectApplication - The following profiles are active: local
[2020-09-22 15:25:49:125749][restartedMain] INFO  c.s.c.base.database.DatabaseConfig - datasource : HikariDataSource (HikariPool-2)
[2020-09-22 15:25:49:126045][restartedMain] INFO  c.scglab.connect.ConnectApplication - Started ConnectApplication in 0.829 seconds (JVM running for 126.506)
[2020-09-22 15:26:20:156868][restartedMain] INFO  c.scglab.connect.ConnectApplication - Starting ConnectApplication on anchiseong-ui-MacBookPro.local with PID 2193 (/Volumes/Data/_git/connect/target/classes started by anchiseong in /Volumes/Data/_git/connect)
[2020-09-22 15:26:20:156868][restartedMain] INFO  c.scglab.connect.ConnectApplication - The following profiles are active: local
[2020-09-22 15:26:20:157176][restartedMain] INFO  c.s.c.base.database.DatabaseConfig - datasource : HikariDataSource (HikariPool-3)
[2020-09-22 15:26:20:157458][restartedMain] INFO  c.scglab.connect.ConnectApplication - Started ConnectApplication in 0.612 seconds (JVM running for 157.918)
[2020-09-22 15:27:25:401][restartedMain] INFO  c.scglab.connect.ConnectApplication - Starting ConnectApplication on anchiseong-ui-MacBookPro.local with PID 2235 (/Volumes/Data/_git/connect/target/classes started by anchiseong in /Volumes/Data/_git/connect)
[2020-09-22 15:27:25:403][restartedMain] INFO  c.scglab.connect.ConnectApplication - The following profiles are active: local
[2020-09-22 15:27:26:1646][restartedMain] INFO  c.s.c.base.database.DatabaseConfig - datasource : HikariDataSource (HikariPool-1)
[2020-09-22 15:27:27:2617][restartedMain] INFO  c.scglab.connect.ConnectApplication - Started ConnectApplication in 2.482 seconds (JVM running for 2.876)
